<?xml version="1.0" encoding="UTF-8"?>
<!-- Generated by org.testng.reporters.JUnitReportReporter -->
<testsuite skipped="0" hostname="Tripshi" name="com.assessment.WeatherAPIStrings.HashMapQuestion1" tests="1" failures="0" timestamp="02 Aug 2020 18:25:39 GMT" time="0.013" errors="0">
  <testcase name="method" time="0.013" classname="com.assessment.WeatherAPIStrings.HashMapQuestion1"/>
</testsuite> <!-- com.assessment.WeatherAPIStrings.HashMapQuestion1 -->
