<?xml version="1.0" encoding="UTF-8"?>
<!-- Generated by org.testng.reporters.JUnitReportReporter -->
<testsuite skipped="0" hostname="Tripshi" name="com.assessment.testScripts.WeatherScript" tests="1" failures="0" timestamp="30 Jul 2020 16:53:29 GMT" time="255.664" errors="0">
  <testcase name="fetchWeather" time="255.664" classname="com.assessment.testScripts.WeatherScript"/>
</testsuite> <!-- com.assessment.testScripts.WeatherScript -->
